<?xml version="1.0" encoding="UTF-8"?>
<testng-results skipped="0" failed="0" ignored="0" total="1" passed="1">
  <reporter-output>
  </reporter-output>
  <suite name="Default suite" duration-ms="12411" started-at="2018-01-04T19:11:51Z" finished-at="2018-01-04T19:12:03Z">
    <groups>
    </groups>
    <test name="Default test" duration-ms="12411" started-at="2018-01-04T19:11:51Z" finished-at="2018-01-04T19:12:03Z">
      <class name="Gitcheckout.Samplecheck.sampletest">
        <test-method status="PASS" signature="jenkins()[pri:0, instance:Gitcheckout.Samplecheck.sampletest@3891771e]" name="jenkins" duration-ms="12363" started-at="2018-01-04T13:11:51Z" finished-at="2018-01-04T13:12:03Z">
          <reporter-output>
          </reporter-output>
        </test-method> <!-- jenkins -->
      </class> <!-- Gitcheckout.Samplecheck.sampletest -->
    </test> <!-- Default test -->
  </suite> <!-- Default suite -->
</testng-results>
